<?xml version="1.0" encoding="UTF-8"?>
<!-- Generated by org.testng.reporters.JUnitReportReporter -->
<testsuite skipped="0" hostname="myMacs-MacBook-Pro.local" name="io.onthe.MenuTest" tests="1" failures="0" timestamp="19 Mar 2018 20:19:22 GMT" time="27.043" errors="0">
  <testcase name="switchBetweenMenuTabs" time="27.043" classname="io.onthe.MenuTest"/>
</testsuite> <!-- io.onthe.MenuTest -->
