<?xml version="1.0" encoding="UTF-8"?>
<!-- Generated by org.testng.reporters.JUnitReportReporter -->
<testsuite skipped="0" hostname="myMacs-MacBook-Pro.local" name="io.onthe.TimeFramesTest" tests="1" failures="0" timestamp="19 Mar 2018 15:18:16 GMT" time="15.134" errors="0">
  <testcase name="TimeFramesTest" time="15.134" classname="io.onthe.TimeFramesTest"/>
</testsuite> <!-- io.onthe.TimeFramesTest -->
