<?xml version="1.0" encoding="UTF-8"?>
<!-- Generated by org.testng.reporters.JUnitReportReporter -->
<testsuite skipped="0" hostname="myMacs-MacBook-Pro.local" name="io.onthe.ArticlesSortingTest" tests="8" failures="0" timestamp="20 Mar 2018 23:16:24 GMT" time="113.085" errors="0">
  <testcase name="pageViewsWorstFilter" time="15.740" classname="io.onthe.ArticlesSortingTest"/>
  <testcase name="finishedReadingBestFilter" time="13.050" classname="io.onthe.ArticlesSortingTest"/>
  <testcase name="recirculationBestFilter" time="13.398" classname="io.onthe.ArticlesSortingTest"/>
  <testcase name="finishedReadingWorstFilter" time="13.932" classname="io.onthe.ArticlesSortingTest"/>
  <testcase name="averageTimeBestFilter" time="14.111" classname="io.onthe.ArticlesSortingTest"/>
  <testcase name="pageViewsBestFilter" time="14.420" classname="io.onthe.ArticlesSortingTest"/>
  <testcase name="recirculationWorstFilter" time="14.547" classname="io.onthe.ArticlesSortingTest"/>
  <testcase name="averageTimeWorstFilter" time="13.887" classname="io.onthe.ArticlesSortingTest"/>
</testsuite> <!-- io.onthe.ArticlesSortingTest -->
