<?xml version="1.0" encoding="UTF-8"?>
<!-- Generated by org.testng.reporters.JUnitReportReporter -->
<testsuite skipped="0" hostname="myMacs-MacBook-Pro.local" name="io.onthe.DataTrackingTest" tests="1" failures="0" timestamp="20 Mar 2018 23:16:24 GMT" time="2.054" errors="0">
  <testcase name="checkForLinksMethodTypes" time="2.054" classname="io.onthe.DataTrackingTest"/>
</testsuite> <!-- io.onthe.DataTrackingTest -->
