<?xml version="1.0" encoding="UTF-8"?>
<!-- Generated by org.testng.reporters.JUnitReportReporter -->
<testsuite skipped="0" hostname="myMacs-MacBook-Pro.local" name="io.onthe.TimeFramesTest" tests="1" failures="0" timestamp="19 Mar 2018 20:19:22 GMT" time="14.297" errors="0">
  <testcase name="TimeFramesTest" time="14.297" classname="io.onthe.TimeFramesTest"/>
</testsuite> <!-- io.onthe.TimeFramesTest -->
