<?xml version="1.0" encoding="UTF-8"?>
<!-- Generated by org.testng.reporters.JUnitReportReporter -->
<testsuite skipped="0" hostname="myMacs-MacBook-Pro.local" name="io.onthe.MenuTest" tests="1" failures="0" timestamp="20 Mar 2018 23:16:24 GMT" time="24.516" errors="0">
  <testcase name="switchBetweenMenuTabs" time="24.516" classname="io.onthe.MenuTest"/>
</testsuite> <!-- io.onthe.MenuTest -->
