<?xml version="1.0" encoding="UTF-8"?>
<!-- Generated by org.testng.reporters.JUnitReportReporter -->
<testsuite skipped="0" hostname="myMacs-MacBook-Pro.local" name="io.onthe.DataTrackingTest" tests="1" failures="0" timestamp="19 Mar 2018 20:19:22 GMT" time="1.999" errors="0">
  <testcase name="checkForLinksMethodTypes" time="1.999" classname="io.onthe.DataTrackingTest"/>
</testsuite> <!-- io.onthe.DataTrackingTest -->
