<?xml version="1.0" encoding="UTF-8"?>
<!-- Generated by org.testng.reporters.JUnitReportReporter -->
<testsuite skipped="0" hostname="myMacs-MacBook-Pro.local" name="io.onthe.TimeFramesTest" tests="1" failures="0" timestamp="20 Mar 2018 23:16:24 GMT" time="18.087" errors="0">
  <testcase name="TimeFramesTest" time="18.087" classname="io.onthe.TimeFramesTest"/>
</testsuite> <!-- io.onthe.TimeFramesTest -->
