<?xml version="1.0" encoding="UTF-8"?>
<!-- Generated by org.testng.reporters.JUnitReportReporter -->
<testsuite skipped="0" hostname="myMacs-MacBook-Pro.local" name="io.onthe.DataTrackingTest" tests="1" failures="0" timestamp="19 Mar 2018 15:18:16 GMT" time="2.068" errors="0">
  <testcase name="checkForLinksMethodTypes" time="2.068" classname="io.onthe.DataTrackingTest"/>
</testsuite> <!-- io.onthe.DataTrackingTest -->
